
> vibe-generated-app@1.0.0 dev
> vite


  VITE v5.4.20  ready in 270 ms

  ➜  Local:   http://localhost:3000/
  ➜  Network: http://172.20.10.86:3000/
1:53:33 PM [vite] Pre-transform error: Failed to resolve import "gsap" from "src/components/Preloader.jsx". Does the file exist?
1:53:33 PM [vite] Pre-transform error: Failed to resolve import "gsap" from "src/components/Education.jsx". Does the file exist?
1:53:33 PM [vite] Pre-transform error: Failed to resolve import "gsap" from "src/components/Hero.jsx". Does the file exist?
1:53:33 PM [vite] Pre-transform error: Failed to resolve import "gsap" from "src/components/Experience.jsx". Does the file exist?
1:53:33 PM [vite] Pre-transform error: Failed to resolve import "gsap" from "src/components/Projects.jsx". Does the file exist?
1:53:33 PM [vite] Pre-transform error: Failed to resolve import "gsap" from "src/components/Contact.jsx". Does the file exist?
1:53:33 PM [vite] Pre-transform error: Failed to resolve import "gsap" from "src/components/About.jsx". Does the file exist?
1:53:33 PM [vite] Pre-transform error: Failed to resolve import "gsap" from "src/components/Achievements.jsx". Does the file exist?
1:53:34 PM [vite] ✨ new dependencies optimized: @splinetool/react-spline
1:53:34 PM [vite] ✨ optimized dependencies changed. reloading
1:53:35 PM [vite] Pre-transform error: Failed to resolve import "gsap" from "src/components/Preloader.jsx". Does the file exist?
1:53:35 PM [vite] Pre-transform error: Failed to resolve import "gsap" from "src/components/Hero.jsx". Does the file exist?
1:53:35 PM [vite] Pre-transform error: Failed to resolve import "gsap" from "src/components/Experience.jsx". Does the file exist?
1:53:35 PM [vite] Pre-transform error: Failed to resolve import "gsap" from "src/components/About.jsx". Does the file exist?
1:53:35 PM [vite] Pre-transform error: Failed to resolve import "gsap" from "src/components/Education.jsx". Does the file exist?
1:53:35 PM [vite] Pre-transform error: Failed to resolve import "gsap" from "src/components/Projects.jsx". Does the file exist?
1:53:35 PM [vite] Pre-transform error: Failed to resolve import "gsap" from "src/components/Achievements.jsx". Does the file exist?
1:53:35 PM [vite] Pre-transform error: Failed to resolve import "gsap" from "src/components/Contact.jsx". Does the file exist?
1:53:35 PM [vite] Internal server error: Failed to resolve import "gsap" from "src/components/Preloader.jsx". Does the file exist?
  Plugin: vite:import-analysis
  File: /home/workspace/src/components/Preloader.jsx:2:21
  1  |  import { jsxDEV } from "react/jsx-dev-runtime";
  2  |  import { useEffect, useRef, useState } from "react";
  3  |  import { gsap } from "gsap";
     |                        ^
  4  |  export default function Preloader({ onComplete }) {
  5  |    const [progress, setProgress] = useState(0);
      at TransformPluginContext._formatError (file:///home/workspace/node_modules/vite/dist/node/chunks/dep-D_zLpgQd.js:49258:41)
      at TransformPluginContext.error (file:///home/workspace/node_modules/vite/dist/node/chunks/dep-D_zLpgQd.js:49253:16)
      at normalizeUrl (file:///home/workspace/node_modules/vite/dist/node/chunks/dep-D_zLpgQd.js:64306:23)
      at process.processTicksAndRejections (node:internal/process/task_queues:105:5)
      at async file:///home/workspace/node_modules/vite/dist/node/chunks/dep-D_zLpgQd.js:64438:39
      at async Promise.all (index 2)
      at async TransformPluginContext.transform (file:///home/workspace/node_modules/vite/dist/node/chunks/dep-D_zLpgQd.js:64365:7)
      at async PluginContainer.transform (file:///home/workspace/node_modules/vite/dist/node/chunks/dep-D_zLpgQd.js:49099:18)
      at async loadAndTransform (file:///home/workspace/node_modules/vite/dist/node/chunks/dep-D_zLpgQd.js:51977:27)
      at async viteTransformMiddleware (file:///home/workspace/node_modules/vite/dist/node/chunks/dep-D_zLpgQd.js:62105:24)
1:53:36 PM [vite] Internal server error: Failed to resolve import "gsap" from "src/components/Hero.jsx". Does the file exist?
  Plugin: vite:import-analysis
  File: /home/workspace/src/components/Hero.jsx:3:21
  2  |  import { useEffect, useRef } from "react";
  3  |  import Spline from "@splinetool/react-spline";
  4  |  import { gsap } from "gsap";
     |                        ^
  5  |  import { ScrollTrigger } from "gsap/ScrollTrigger";
  6  |  gsap.registerPlugin(ScrollTrigger);
      at TransformPluginContext._formatError (file:///home/workspace/node_modules/vite/dist/node/chunks/dep-D_zLpgQd.js:49258:41)
      at TransformPluginContext.error (file:///home/workspace/node_modules/vite/dist/node/chunks/dep-D_zLpgQd.js:49253:16)
      at normalizeUrl (file:///home/workspace/node_modules/vite/dist/node/chunks/dep-D_zLpgQd.js:64306:23)
      at process.processTicksAndRejections (node:internal/process/task_queues:105:5)
      at async file:///home/workspace/node_modules/vite/dist/node/chunks/dep-D_zLpgQd.js:64438:39
      at async Promise.all (index 3)
      at async TransformPluginContext.transform (file:///home/workspace/node_modules/vite/dist/node/chunks/dep-D_zLpgQd.js:64365:7)
      at async PluginContainer.transform (file:///home/workspace/node_modules/vite/dist/node/chunks/dep-D_zLpgQd.js:49099:18)
      at async loadAndTransform (file:///home/workspace/node_modules/vite/dist/node/chunks/dep-D_zLpgQd.js:51977:27)
      at async viteTransformMiddleware (file:///home/workspace/node_modules/vite/dist/node/chunks/dep-D_zLpgQd.js:62105:24)
1:53:36 PM [vite] Internal server error: Failed to resolve import "gsap" from "src/components/About.jsx". Does the file exist?
  Plugin: vite:import-analysis
  File: /home/workspace/src/components/About.jsx:2:21
  1  |  import { jsxDEV } from "react/jsx-dev-runtime";
  2  |  import { useEffect, useRef, useState } from "react";
  3  |  import { gsap } from "gsap";
     |                        ^
  4  |  import { ScrollTrigger } from "gsap/ScrollTrigger";
  5  |  gsap.registerPlugin(ScrollTrigger);
      at TransformPluginContext._formatError (file:///home/workspace/node_modules/vite/dist/node/chunks/dep-D_zLpgQd.js:49258:41)
      at TransformPluginContext.error (file:///home/workspace/node_modules/vite/dist/node/chunks/dep-D_zLpgQd.js:49253:16)
      at normalizeUrl (file:///home/workspace/node_modules/vite/dist/node/chunks/dep-D_zLpgQd.js:64306:23)
      at process.processTicksAndRejections (node:internal/process/task_queues:105:5)
      at async file:///home/workspace/node_modules/vite/dist/node/chunks/dep-D_zLpgQd.js:64438:39
      at async Promise.all (index 2)
      at async TransformPluginContext.transform (file:///home/workspace/node_modules/vite/dist/node/chunks/dep-D_zLpgQd.js:64365:7)
      at async PluginContainer.transform (file:///home/workspace/node_modules/vite/dist/node/chunks/dep-D_zLpgQd.js:49099:18)
      at async loadAndTransform (file:///home/workspace/node_modules/vite/dist/node/chunks/dep-D_zLpgQd.js:51977:27)
      at async viteTransformMiddleware (file:///home/workspace/node_modules/vite/dist/node/chunks/dep-D_zLpgQd.js:62105:24)
1:53:36 PM [vite] Internal server error: Failed to resolve import "gsap" from "src/components/Experience.jsx". Does the file exist?
  Plugin: vite:import-analysis
  File: /home/workspace/src/components/Experience.jsx:2:21
  1  |  import { jsxDEV } from "react/jsx-dev-runtime";
  2  |  import { useEffect, useRef } from "react";
  3  |  import { gsap } from "gsap";
     |                        ^
  4  |  import { ScrollTrigger } from "gsap/ScrollTrigger";
  5  |  gsap.registerPlugin(ScrollTrigger);
      at TransformPluginContext._formatError (file:///home/workspace/node_modules/vite/dist/node/chunks/dep-D_zLpgQd.js:49258:41)
      at TransformPluginContext.error (file:///home/workspace/node_modules/vite/dist/node/chunks/dep-D_zLpgQd.js:49253:16)
      at normalizeUrl (file:///home/workspace/node_modules/vite/dist/node/chunks/dep-D_zLpgQd.js:64306:23)
      at process.processTicksAndRejections (node:internal/process/task_queues:105:5)
      at async file:///home/workspace/node_modules/vite/dist/node/chunks/dep-D_zLpgQd.js:64438:39
      at async Promise.all (index 2)
      at async TransformPluginContext.transform (file:///home/workspace/node_modules/vite/dist/node/chunks/dep-D_zLpgQd.js:64365:7)
      at async PluginContainer.transform (file:///home/workspace/node_modules/vite/dist/node/chunks/dep-D_zLpgQd.js:49099:18)
      at async loadAndTransform (file:///home/workspace/node_modules/vite/dist/node/chunks/dep-D_zLpgQd.js:51977:27)
      at async viteTransformMiddleware (file:///home/workspace/node_modules/vite/dist/node/chunks/dep-D_zLpgQd.js:62105:24)
1:53:36 PM [vite] Internal server error: Failed to resolve import "gsap" from "src/components/Education.jsx". Does the file exist?
  Plugin: vite:import-analysis
  File: /home/workspace/src/components/Education.jsx:2:21
  1  |  import { jsxDEV } from "react/jsx-dev-runtime";
  2  |  import { useEffect, useRef } from "react";
  3  |  import { gsap } from "gsap";
     |                        ^
  4  |  import { ScrollTrigger } from "gsap/ScrollTrigger";
  5  |  gsap.registerPlugin(ScrollTrigger);
      at TransformPluginContext._formatError (file:///home/workspace/node_modules/vite/dist/node/chunks/dep-D_zLpgQd.js:49258:41)
      at TransformPluginContext.error (file:///home/workspace/node_modules/vite/dist/node/chunks/dep-D_zLpgQd.js:49253:16)
      at normalizeUrl (file:///home/workspace/node_modules/vite/dist/node/chunks/dep-D_zLpgQd.js:64306:23)
      at process.processTicksAndRejections (node:internal/process/task_queues:105:5)
      at async file:///home/workspace/node_modules/vite/dist/node/chunks/dep-D_zLpgQd.js:64438:39
      at async Promise.all (index 2)
      at async TransformPluginContext.transform (file:///home/workspace/node_modules/vite/dist/node/chunks/dep-D_zLpgQd.js:64365:7)
      at async PluginContainer.transform (file:///home/workspace/node_modules/vite/dist/node/chunks/dep-D_zLpgQd.js:49099:18)
      at async loadAndTransform (file:///home/workspace/node_modules/vite/dist/node/chunks/dep-D_zLpgQd.js:51977:27)
      at async viteTransformMiddleware (file:///home/workspace/node_modules/vite/dist/node/chunks/dep-D_zLpgQd.js:62105:24)
1:53:36 PM [vite] Internal server error: Failed to resolve import "gsap" from "src/components/Projects.jsx". Does the file exist?
  Plugin: vite:import-analysis
  File: /home/workspace/src/components/Projects.jsx:2:21
  1  |  import { jsxDEV } from "react/jsx-dev-runtime";
  2  |  import { useEffect, useRef } from "react";
  3  |  import { gsap } from "gsap";
     |                        ^
  4  |  export default function Projects() {
  5  |    const ref = useRef(null);
      at TransformPluginContext._formatError (file:///home/workspace/node_modules/vite/dist/node/chunks/dep-D_zLpgQd.js:49258:41)
      at TransformPluginContext.error (file:///home/workspace/node_modules/vite/dist/node/chunks/dep-D_zLpgQd.js:49253:16)
      at normalizeUrl (file:///home/workspace/node_modules/vite/dist/node/chunks/dep-D_zLpgQd.js:64306:23)
      at process.processTicksAndRejections (node:internal/process/task_queues:105:5)
      at async file:///home/workspace/node_modules/vite/dist/node/chunks/dep-D_zLpgQd.js:64438:39
      at async Promise.all (index 2)
      at async TransformPluginContext.transform (file:///home/workspace/node_modules/vite/dist/node/chunks/dep-D_zLpgQd.js:64365:7)
      at async PluginContainer.transform (file:///home/workspace/node_modules/vite/dist/node/chunks/dep-D_zLpgQd.js:49099:18)
      at async loadAndTransform (file:///home/workspace/node_modules/vite/dist/node/chunks/dep-D_zLpgQd.js:51977:27)
      at async viteTransformMiddleware (file:///home/workspace/node_modules/vite/dist/node/chunks/dep-D_zLpgQd.js:62105:24)
1:53:36 PM [vite] Internal server error: Failed to resolve import "gsap" from "src/components/Achievements.jsx". Does the file exist?
  Plugin: vite:import-analysis
  File: /home/workspace/src/components/Achievements.jsx:2:21
  1  |  import { jsxDEV } from "react/jsx-dev-runtime";
  2  |  import { useEffect, useRef } from "react";
  3  |  import { gsap } from "gsap";
     |                        ^
  4  |  import { ScrollTrigger } from "gsap/ScrollTrigger";
  5  |  gsap.registerPlugin(ScrollTrigger);
      at TransformPluginContext._formatError (file:///home/workspace/node_modules/vite/dist/node/chunks/dep-D_zLpgQd.js:49258:41)
      at TransformPluginContext.error (file:///home/workspace/node_modules/vite/dist/node/chunks/dep-D_zLpgQd.js:49253:16)
      at normalizeUrl (file:///home/workspace/node_modules/vite/dist/node/chunks/dep-D_zLpgQd.js:64306:23)
      at process.processTicksAndRejections (node:internal/process/task_queues:105:5)
      at async file:///home/workspace/node_modules/vite/dist/node/chunks/dep-D_zLpgQd.js:64438:39
      at async Promise.all (index 2)
      at async TransformPluginContext.transform (file:///home/workspace/node_modules/vite/dist/node/chunks/dep-D_zLpgQd.js:64365:7)
      at async PluginContainer.transform (file:///home/workspace/node_modules/vite/dist/node/chunks/dep-D_zLpgQd.js:49099:18)
      at async loadAndTransform (file:///home/workspace/node_modules/vite/dist/node/chunks/dep-D_zLpgQd.js:51977:27)
      at async viteTransformMiddleware (file:///home/workspace/node_modules/vite/dist/node/chunks/dep-D_zLpgQd.js:62105:24)
1:53:36 PM [vite] Internal server error: Failed to resolve import "gsap" from "src/components/Contact.jsx". Does the file exist?
  Plugin: vite:import-analysis
  File: /home/workspace/src/components/Contact.jsx:2:21
  1  |  import { jsxDEV } from "react/jsx-dev-runtime";
  2  |  import { useEffect, useRef } from "react";
  3  |  import { gsap } from "gsap";
     |                        ^
  4  |  export default function Contact() {
  5  |    const sectionRef = useRef(null);
      at TransformPluginContext._formatError (file:///home/workspace/node_modules/vite/dist/node/chunks/dep-D_zLpgQd.js:49258:41)
      at TransformPluginContext.error (file:///home/workspace/node_modules/vite/dist/node/chunks/dep-D_zLpgQd.js:49253:16)
      at normalizeUrl (file:///home/workspace/node_modules/vite/dist/node/chunks/dep-D_zLpgQd.js:64306:23)
      at process.processTicksAndRejections (node:internal/process/task_queues:105:5)
      at async file:///home/workspace/node_modules/vite/dist/node/chunks/dep-D_zLpgQd.js:64438:39
      at async Promise.all (index 2)
      at async TransformPluginContext.transform (file:///home/workspace/node_modules/vite/dist/node/chunks/dep-D_zLpgQd.js:64365:7)
      at async PluginContainer.transform (file:///home/workspace/node_modules/vite/dist/node/chunks/dep-D_zLpgQd.js:49099:18)
      at async loadAndTransform (file:///home/workspace/node_modules/vite/dist/node/chunks/dep-D_zLpgQd.js:51977:27)
      at async viteTransformMiddleware (file:///home/workspace/node_modules/vite/dist/node/chunks/dep-D_zLpgQd.js:62105:24)
1:54:18 PM [vite] Internal server error: Failed to resolve import "gsap" from "src/components/Preloader.jsx". Does the file exist?
  Plugin: vite:import-analysis
  File: /home/workspace/src/components/Preloader.jsx:2:21
  1  |  import { jsxDEV } from "react/jsx-dev-runtime";
  2  |  import { useEffect, useRef, useState } from "react";
  3  |  import { gsap } from "gsap";
     |                        ^
  4  |  export default function Preloader({ onComplete }) {
  5  |    const [progress, setProgress] = useState(0);
      at TransformPluginContext._formatError (file:///home/workspace/node_modules/vite/dist/node/chunks/dep-D_zLpgQd.js:49258:41)
      at TransformPluginContext.error (file:///home/workspace/node_modules/vite/dist/node/chunks/dep-D_zLpgQd.js:49253:16)
      at normalizeUrl (file:///home/workspace/node_modules/vite/dist/node/chunks/dep-D_zLpgQd.js:64306:23)
      at process.processTicksAndRejections (node:internal/process/task_queues:105:5)
      at async file:///home/workspace/node_modules/vite/dist/node/chunks/dep-D_zLpgQd.js:64438:39
      at async Promise.all (index 2)
      at async TransformPluginContext.transform (file:///home/workspace/node_modules/vite/dist/node/chunks/dep-D_zLpgQd.js:64365:7)
      at async PluginContainer.transform (file:///home/workspace/node_modules/vite/dist/node/chunks/dep-D_zLpgQd.js:49099:18)
      at async loadAndTransform (file:///home/workspace/node_modules/vite/dist/node/chunks/dep-D_zLpgQd.js:51977:27)
      at async viteTransformMiddleware (file:///home/workspace/node_modules/vite/dist/node/chunks/dep-D_zLpgQd.js:62105:24)
1:54:18 PM [vite] Internal server error: Failed to resolve import "gsap" from "src/components/Hero.jsx". Does the file exist?
  Plugin: vite:import-analysis
  File: /home/workspace/src/components/Hero.jsx:3:21
  2  |  import { useEffect, useRef } from "react";
  3  |  import Spline from "@splinetool/react-spline";
  4  |  import { gsap } from "gsap";
     |                        ^
  5  |  import { ScrollTrigger } from "gsap/ScrollTrigger";
  6  |  gsap.registerPlugin(ScrollTrigger);
      at TransformPluginContext._formatError (file:///home/workspace/node_modules/vite/dist/node/chunks/dep-D_zLpgQd.js:49258:41)
      at TransformPluginContext.error (file:///home/workspace/node_modules/vite/dist/node/chunks/dep-D_zLpgQd.js:49253:16)
      at normalizeUrl (file:///home/workspace/node_modules/vite/dist/node/chunks/dep-D_zLpgQd.js:64306:23)
      at process.processTicksAndRejections (node:internal/process/task_queues:105:5)
      at async file:///home/workspace/node_modules/vite/dist/node/chunks/dep-D_zLpgQd.js:64438:39
      at async Promise.all (index 3)
      at async TransformPluginContext.transform (file:///home/workspace/node_modules/vite/dist/node/chunks/dep-D_zLpgQd.js:64365:7)
      at async PluginContainer.transform (file:///home/workspace/node_modules/vite/dist/node/chunks/dep-D_zLpgQd.js:49099:18)
      at async loadAndTransform (file:///home/workspace/node_modules/vite/dist/node/chunks/dep-D_zLpgQd.js:51977:27)
      at async viteTransformMiddleware (file:///home/workspace/node_modules/vite/dist/node/chunks/dep-D_zLpgQd.js:62105:24)
1:54:18 PM [vite] Internal server error: Failed to resolve import "gsap" from "src/components/About.jsx". Does the file exist?
  Plugin: vite:import-analysis
  File: /home/workspace/src/components/About.jsx:2:21
  1  |  import { jsxDEV } from "react/jsx-dev-runtime";
  2  |  import { useEffect, useRef, useState } from "react";
  3  |  import { gsap } from "gsap";
     |                        ^
  4  |  import { ScrollTrigger } from "gsap/ScrollTrigger";
  5  |  gsap.registerPlugin(ScrollTrigger);
      at TransformPluginContext._formatError (file:///home/workspace/node_modules/vite/dist/node/chunks/dep-D_zLpgQd.js:49258:41)
      at TransformPluginContext.error (file:///home/workspace/node_modules/vite/dist/node/chunks/dep-D_zLpgQd.js:49253:16)
      at normalizeUrl (file:///home/workspace/node_modules/vite/dist/node/chunks/dep-D_zLpgQd.js:64306:23)
      at process.processTicksAndRejections (node:internal/process/task_queues:105:5)
      at async file:///home/workspace/node_modules/vite/dist/node/chunks/dep-D_zLpgQd.js:64438:39
      at async Promise.all (index 2)
      at async TransformPluginContext.transform (file:///home/workspace/node_modules/vite/dist/node/chunks/dep-D_zLpgQd.js:64365:7)
      at async PluginContainer.transform (file:///home/workspace/node_modules/vite/dist/node/chunks/dep-D_zLpgQd.js:49099:18)
      at async loadAndTransform (file:///home/workspace/node_modules/vite/dist/node/chunks/dep-D_zLpgQd.js:51977:27)
      at async viteTransformMiddleware (file:///home/workspace/node_modules/vite/dist/node/chunks/dep-D_zLpgQd.js:62105:24)
1:54:19 PM [vite] Internal server error: Failed to resolve import "gsap" from "src/components/Experience.jsx". Does the file exist?
  Plugin: vite:import-analysis
  File: /home/workspace/src/components/Experience.jsx:2:21
  1  |  import { jsxDEV } from "react/jsx-dev-runtime";
  2  |  import { useEffect, useRef } from "react";
  3  |  import { gsap } from "gsap";
     |                        ^
  4  |  import { ScrollTrigger } from "gsap/ScrollTrigger";
  5  |  gsap.registerPlugin(ScrollTrigger);
      at TransformPluginContext._formatError (file:///home/workspace/node_modules/vite/dist/node/chunks/dep-D_zLpgQd.js:49258:41)
      at TransformPluginContext.error (file:///home/workspace/node_modules/vite/dist/node/chunks/dep-D_zLpgQd.js:49253:16)
      at normalizeUrl (file:///home/workspace/node_modules/vite/dist/node/chunks/dep-D_zLpgQd.js:64306:23)
      at process.processTicksAndRejections (node:internal/process/task_queues:105:5)
      at async file:///home/workspace/node_modules/vite/dist/node/chunks/dep-D_zLpgQd.js:64438:39
      at async Promise.all (index 2)
      at async TransformPluginContext.transform (file:///home/workspace/node_modules/vite/dist/node/chunks/dep-D_zLpgQd.js:64365:7)
      at async PluginContainer.transform (file:///home/workspace/node_modules/vite/dist/node/chunks/dep-D_zLpgQd.js:49099:18)
      at async loadAndTransform (file:///home/workspace/node_modules/vite/dist/node/chunks/dep-D_zLpgQd.js:51977:27)
      at async viteTransformMiddleware (file:///home/workspace/node_modules/vite/dist/node/chunks/dep-D_zLpgQd.js:62105:24)
1:54:19 PM [vite] Internal server error: Failed to resolve import "gsap" from "src/components/Education.jsx". Does the file exist?
  Plugin: vite:import-analysis
  File: /home/workspace/src/components/Education.jsx:2:21
  1  |  import { jsxDEV } from "react/jsx-dev-runtime";
  2  |  import { useEffect, useRef } from "react";
  3  |  import { gsap } from "gsap";
     |                        ^
  4  |  import { ScrollTrigger } from "gsap/ScrollTrigger";
  5  |  gsap.registerPlugin(ScrollTrigger);
      at TransformPluginContext._formatError (file:///home/workspace/node_modules/vite/dist/node/chunks/dep-D_zLpgQd.js:49258:41)
      at TransformPluginContext.error (file:///home/workspace/node_modules/vite/dist/node/chunks/dep-D_zLpgQd.js:49253:16)
      at normalizeUrl (file:///home/workspace/node_modules/vite/dist/node/chunks/dep-D_zLpgQd.js:64306:23)
      at process.processTicksAndRejections (node:internal/process/task_queues:105:5)
      at async file:///home/workspace/node_modules/vite/dist/node/chunks/dep-D_zLpgQd.js:64438:39
      at async Promise.all (index 2)
      at async TransformPluginContext.transform (file:///home/workspace/node_modules/vite/dist/node/chunks/dep-D_zLpgQd.js:64365:7)
      at async PluginContainer.transform (file:///home/workspace/node_modules/vite/dist/node/chunks/dep-D_zLpgQd.js:49099:18)
      at async loadAndTransform (file:///home/workspace/node_modules/vite/dist/node/chunks/dep-D_zLpgQd.js:51977:27)
      at async viteTransformMiddleware (file:///home/workspace/node_modules/vite/dist/node/chunks/dep-D_zLpgQd.js:62105:24)
1:54:19 PM [vite] Internal server error: Failed to resolve import "gsap" from "src/components/Projects.jsx". Does the file exist?
  Plugin: vite:import-analysis
  File: /home/workspace/src/components/Projects.jsx:2:21
  1  |  import { jsxDEV } from "react/jsx-dev-runtime";
  2  |  import { useEffect, useRef } from "react";
  3  |  import { gsap } from "gsap";
     |                        ^
  4  |  export default function Projects() {
  5  |    const ref = useRef(null);
      at TransformPluginContext._formatError (file:///home/workspace/node_modules/vite/dist/node/chunks/dep-D_zLpgQd.js:49258:41)
      at TransformPluginContext.error (file:///home/workspace/node_modules/vite/dist/node/chunks/dep-D_zLpgQd.js:49253:16)
      at normalizeUrl (file:///home/workspace/node_modules/vite/dist/node/chunks/dep-D_zLpgQd.js:64306:23)
      at process.processTicksAndRejections (node:internal/process/task_queues:105:5)
      at async file:///home/workspace/node_modules/vite/dist/node/chunks/dep-D_zLpgQd.js:64438:39
      at async Promise.all (index 2)
      at async TransformPluginContext.transform (file:///home/workspace/node_modules/vite/dist/node/chunks/dep-D_zLpgQd.js:64365:7)
      at async PluginContainer.transform (file:///home/workspace/node_modules/vite/dist/node/chunks/dep-D_zLpgQd.js:49099:18)
      at async loadAndTransform (file:///home/workspace/node_modules/vite/dist/node/chunks/dep-D_zLpgQd.js:51977:27)
      at async viteTransformMiddleware (file:///home/workspace/node_modules/vite/dist/node/chunks/dep-D_zLpgQd.js:62105:24)
1:54:19 PM [vite] Internal server error: Failed to resolve import "gsap" from "src/components/Achievements.jsx". Does the file exist?
  Plugin: vite:import-analysis
  File: /home/workspace/src/components/Achievements.jsx:2:21
  1  |  import { jsxDEV } from "react/jsx-dev-runtime";
  2  |  import { useEffect, useRef } from "react";
  3  |  import { gsap } from "gsap";
     |                        ^
  4  |  import { ScrollTrigger } from "gsap/ScrollTrigger";
  5  |  gsap.registerPlugin(ScrollTrigger);
      at TransformPluginContext._formatError (file:///home/workspace/node_modules/vite/dist/node/chunks/dep-D_zLpgQd.js:49258:41)
      at TransformPluginContext.error (file:///home/workspace/node_modules/vite/dist/node/chunks/dep-D_zLpgQd.js:49253:16)
      at normalizeUrl (file:///home/workspace/node_modules/vite/dist/node/chunks/dep-D_zLpgQd.js:64306:23)
      at process.processTicksAndRejections (node:internal/process/task_queues:105:5)
      at async file:///home/workspace/node_modules/vite/dist/node/chunks/dep-D_zLpgQd.js:64438:39
      at async Promise.all (index 2)
      at async TransformPluginContext.transform (file:///home/workspace/node_modules/vite/dist/node/chunks/dep-D_zLpgQd.js:64365:7)
      at async PluginContainer.transform (file:///home/workspace/node_modules/vite/dist/node/chunks/dep-D_zLpgQd.js:49099:18)
      at async loadAndTransform (file:///home/workspace/node_modules/vite/dist/node/chunks/dep-D_zLpgQd.js:51977:27)
      at async viteTransformMiddleware (file:///home/workspace/node_modules/vite/dist/node/chunks/dep-D_zLpgQd.js:62105:24)
1:54:19 PM [vite] Internal server error: Failed to resolve import "gsap" from "src/components/Contact.jsx". Does the file exist?
  Plugin: vite:import-analysis
  File: /home/workspace/src/components/Contact.jsx:2:21
  1  |  import { jsxDEV } from "react/jsx-dev-runtime";
  2  |  import { useEffect, useRef } from "react";
  3  |  import { gsap } from "gsap";
     |                        ^
  4  |  export default function Contact() {
  5  |    const sectionRef = useRef(null);
      at TransformPluginContext._formatError (file:///home/workspace/node_modules/vite/dist/node/chunks/dep-D_zLpgQd.js:49258:41)
      at TransformPluginContext.error (file:///home/workspace/node_modules/vite/dist/node/chunks/dep-D_zLpgQd.js:49253:16)
      at normalizeUrl (file:///home/workspace/node_modules/vite/dist/node/chunks/dep-D_zLpgQd.js:64306:23)
      at process.processTicksAndRejections (node:internal/process/task_queues:105:5)
      at async file:///home/workspace/node_modules/vite/dist/node/chunks/dep-D_zLpgQd.js:64438:39
      at async Promise.all (index 2)
      at async TransformPluginContext.transform (file:///home/workspace/node_modules/vite/dist/node/chunks/dep-D_zLpgQd.js:64365:7)
      at async PluginContainer.transform (file:///home/workspace/node_modules/vite/dist/node/chunks/dep-D_zLpgQd.js:49099:18)
      at async loadAndTransform (file:///home/workspace/node_modules/vite/dist/node/chunks/dep-D_zLpgQd.js:51977:27)
      at async viteTransformMiddleware (file:///home/workspace/node_modules/vite/dist/node/chunks/dep-D_zLpgQd.js:62105:24)
